{
  "stats": {
    "suites": 1,
    "tests": 1,
    "passes": 1,
    "pending": 0,
    "failures": 0,
    "start": "2022-01-14T09:56:24.728Z",
    "end": "2022-01-14T09:56:27.632Z",
    "duration": 2904,
    "testsRegistered": 1,
    "passPercent": 100,
    "pendingPercent": 0,
    "other": 0,
    "hasOther": false,
    "skipped": 0,
    "hasSkipped": false
  },
  "results": [
    {
      "uuid": "d147927b-7785-4e00-88cb-eead870c4ff0",
      "title": "",
      "fullFile": "cypress/integration/firstTest.spec.js",
      "file": "cypress/integration/firstTest.spec.js",
      "beforeHooks": [],
      "afterHooks": [],
      "tests": [],
      "suites": [
        {
          "uuid": "42e2d39e-b157-4586-9129-16a975d8a76a",
          "title": "Test with backend",
          "fullFile": "",
          "file": "",
          "beforeHooks": [],
          "afterHooks": [],
          "tests": [
            {
              "title": "Should gave tags with routing object ",
              "fullTitle": "Test with backend Should gave tags with routing object ",
              "timedOut": null,
              "duration": 2838,
              "state": "passed",
              "speed": "fast",
              "pass": true,
              "fail": false,
              "pending": false,
              "context": null,
              "code": "cy.get('.tag-list').should('contain', 'cypress').and('contain', 'automation').and('contain', 'testing');",
              "err": {},
              "uuid": "ea8a380b-cdb1-474a-9979-aafee6e34252",
              "parentUUID": "42e2d39e-b157-4586-9129-16a975d8a76a",
              "isHook": false,
              "skipped": false
            }
          ],
          "suites": [],
          "passes": [
            "ea8a380b-cdb1-474a-9979-aafee6e34252"
          ],
          "failures": [],
          "pending": [],
          "skipped": [],
          "duration": 2838,
          "root": false,
          "rootEmpty": false,
          "_timeout": 2000
        }
      ],
      "passes": [],
      "failures": [],
      "pending": [],
      "skipped": [],
      "duration": 0,
      "root": true,
      "rootEmpty": true,
      "_timeout": 2000
    }
  ],
  "meta": {
    "mocha": {
      "version": "7.0.1"
    },
    "mochawesome": {
      "options": {
        "quiet": false,
        "reportFilename": "mochawesome",
        "saveHtml": false,
        "saveJson": true,
        "consoleReporter": "spec",
        "useInlineDiffs": false,
        "code": true
      },
      "version": "7.0.1"
    },
    "marge": {
      "options": {
        "id": "default",
        "reportDir": "cypress/results/mochawesome",
        "overwrite": false,
        "html": false,
        "json": true
      },
      "version": "6.0.1"
    }
  }
}